<?xml version="1.0" encoding="UTF-8"?>
<!-- Generated by org.testng.reporters.JUnitReportReporter -->
<testsuite hostname="Santanu" failures="0" tests="3" name="com.qb.qa.testcase.LoginPageTest" time="10.255" errors="0" timestamp="2023-07-12T23:00:15 IST" skipped="0">
  <testcase classname="com.qb.qa.testcase.LoginPageTest" name="loginPageTitleTest" time="3.148"/>
  <system-out/>
  <testcase classname="com.qb.qa.testcase.LoginPageTest" name="loginText" time="3.768"/>
  <system-out/>
  <testcase classname="com.qb.qa.testcase.LoginPageTest" name="loginTest" time="3.339"/>
  <system-out/>
</testsuite> <!-- com.qb.qa.testcase.LoginPageTest -->
